<?xml version="1.0" encoding="UTF-8"?>
<!-- Generated by org.testng.reporters.JUnitXMLReporter -->
<testsuite hostname="DESKTOP-UO0HNPD" ignored="2" name="AutomationTest" tests="4" failures="0" timestamp="06 Jul 2017 06:26:36 GMT" time="1.111" errors="0">
  <testcase name="@BeforeMethod openapp" time="0.904" classname="generic.BaseTest">
    <failure type="java.lang.IllegalStateException" message="The path to the driver executable must be set by the webdriver.gecko.driver system property; for more information, see https://github.com/mozilla/geckodriver. The latest version can be downloaded from https://github.com/mozilla/geckodriver/releases">
      <![CDATA[java.lang.IllegalStateException: The path to the driver executable must be set by the webdriver.gecko.driver system property; for more information, see https://github.com/mozilla/geckodriver. The latest version can be downloaded from https://github.com/mozilla/geckodriver/releases
	at com.google.common.base.Preconditions.checkState(Preconditions.java:738)
	at org.openqa.selenium.remote.service.DriverService.findExecutable(DriverService.java:124)
	at org.openqa.selenium.firefox.GeckoDriverService.access$100(GeckoDriverService.java:41)
	at org.openqa.selenium.firefox.GeckoDriverService$Builder.findDefaultExecutable(GeckoDriverService.java:115)
	at org.openqa.selenium.remote.service.DriverService$Builder.build(DriverService.java:330)
	at org.openqa.selenium.firefox.FirefoxDriver.toExecutor(FirefoxDriver.java:207)
	at org.openqa.selenium.firefox.FirefoxDriver.<init>(FirefoxDriver.java:108)
	at org.openqa.selenium.firefox.FirefoxDriver.<init>(FirefoxDriver.java:104)
	at generic.BaseTest.openapp(BaseTest.java:36)
... Removed 27 stack frames]]>
    </failure>
  </testcase> <!-- @BeforeMethod openapp -->
  <testcase name="@BeforeMethod openapp" time="0.0" classname="generic.BaseTest">
    <skipped/>
  </testcase> <!-- @BeforeMethod openapp -->
  <testcase name="@BeforeMethod openapp" time="0.0" classname="generic.BaseTest">
    <skipped/>
  </testcase> <!-- @BeforeMethod openapp -->
  <testcase name="LoggerTest" time="0.024" classname="script.LoggerDemo"/>
  <testcase name="TestWBT" time="0.003" classname="script.WBTEXTBASE">
    <skipped/>
  </testcase> <!-- TestWBT -->
  <testcase name="TestWBT" time="0.0" classname="script.WBTEXTBASE2">
    <skipped/>
  </testcase> <!-- TestWBT -->
  <testcase name="TestWBT" time="0.0" classname="script.WBTEXTBASEEXCEL">
    <skipped/>
  </testcase> <!-- TestWBT -->
  <testcase name="@BeforeSuite iniFramework" time="0.0" classname="generic.BaseTest">
    <ignored/>
  </testcase> <!-- @BeforeSuite iniFramework -->
  <testcase name="@BeforeSuite iniFramework" time="0.0" classname="generic.BaseTest">
    <ignored/>
  </testcase> <!-- @BeforeSuite iniFramework -->
</testsuite> <!-- AutomationTest -->
